This file contains any messages produced by compilers while
running configure, to aid debugging if configure makes a mistake.

It was created by rtspd configure 1.0, which was
generated by GNU Autoconf 2.65.  Invocation command line was

  $ ./configure 

## --------- ##
## Platform. ##
## --------- ##

hostname = peijinkai-desktop
uname -m = i686
uname -r = 2.6.32-40-generic
uname -s = Linux
uname -v = #87-Ubuntu SMP Mon Mar 5 20:26:31 UTC 2012

/usr/bin/uname -p = unknown
/bin/uname -X     = unknown

/bin/arch              = unknown
/usr/bin/arch -k       = unknown
/usr/convex/getsysinfo = unknown
/usr/bin/hostinfo      = unknown
/bin/machine           = unknown
/usr/bin/oslevel       = unknown
/bin/universe          = unknown

PATH: /home/CBTools/arm-2009q1/bin
PATH: /opt/hisi-linux/x86-arm/gcc-3.4.3-uClibc-0.9.28/usr/bin
PATH: /usr/local/sbin
PATH: /usr/local/bin
PATH: /usr/sbin
PATH: /usr/bin
PATH: /sbin
PATH: /bin
PATH: /usr/games


## ----------- ##
## Core tests. ##
## ----------- ##

configure:2246: checking for a BSD-compatible install
configure:2314: result: /usr/bin/install -c
configure:2325: checking whether build environment is sane
configure:2375: result: yes
configure:2516: checking for a thread-safe mkdir -p
configure:2555: result: /bin/mkdir -p
configure:2568: checking for gawk
configure:2584: found /usr/bin/gawk
configure:2595: result: gawk
configure:2606: checking whether make sets $(MAKE)
configure:2628: result: yes
configure:2741: checking build system type
configure:2755: result: i686-pc-linux-gnu
configure:2775: checking host system type
configure:2788: result: i686-pc-linux-gnu
configure:2820: checking for style of include used by make
configure:2848: result: GNU
configure:2918: checking for gcc
configure:2934: found /usr/bin/gcc
configure:2945: result: gcc
configure:3174: checking for C compiler version
configure:3183: gcc --version >&5
gcc (Ubuntu 4.4.3-4ubuntu5.1) 4.4.3
Copyright (C) 2009 Free Software Foundation, Inc.
This is free software; see the source for copying conditions.  There is NO
warranty; not even for MERCHANTABILITY or FITNESS FOR A PARTICULAR PURPOSE.

configure:3194: $? = 0
configure:3183: gcc -v >&5
Using built-in specs.
Target: i486-linux-gnu
Configured with: ../src/configure -v --with-pkgversion='Ubuntu 4.4.3-4ubuntu5.1' --with-bugurl=file:///usr/share/doc/gcc-4.4/README.Bugs --enable-languages=c,c++,fortran,objc,obj-c++ --prefix=/usr --enable-shared --enable-multiarch --enable-linker-build-id --with-system-zlib --libexecdir=/usr/lib --without-included-gettext --enable-threads=posix --with-gxx-include-dir=/usr/include/c++/4.4 --program-suffix=-4.4 --enable-nls --enable-clocale=gnu --enable-libstdcxx-debug --enable-plugin --enable-objc-gc --enable-targets=all --disable-werror --with-arch-32=i486 --with-tune=generic --enable-checking=release --build=i486-linux-gnu --host=i486-linux-gnu --target=i486-linux-gnu
Thread model: posix
gcc version 4.4.3 (Ubuntu 4.4.3-4ubuntu5.1) 
configure:3194: $? = 0
configure:3183: gcc -V >&5
gcc: '-V' option must have argument
configure:3194: $? = 1
configure:3183: gcc -qversion >&5
gcc: unrecognized option '-qversion'
gcc: no input files
configure:3194: $? = 1
configure:3214: checking whether the C compiler works
configure:3236: gcc    conftest.c  >&5
configure:3240: $? = 0
configure:3289: result: yes
configure:3292: checking for C compiler default output file name
configure:3294: result: a.out
configure:3300: checking for suffix of executables
configure:3307: gcc -o conftest    conftest.c  >&5
configure:3311: $? = 0
configure:3333: result: 
configure:3355: checking whether we are cross compiling
configure:3363: gcc -o conftest    conftest.c  >&5
configure:3367: $? = 0
configure:3374: ./conftest
configure:3378: $? = 0
configure:3393: result: no
configure:3398: checking for suffix of object files
configure:3420: gcc -c   conftest.c >&5
configure:3424: $? = 0
configure:3445: result: o
configure:3449: checking whether we are using the GNU C compiler
configure:3468: gcc -c   conftest.c >&5
configure:3468: $? = 0
configure:3477: result: yes
configure:3486: checking whether gcc accepts -g
configure:3506: gcc -c -g  conftest.c >&5
configure:3506: $? = 0
configure:3547: result: yes
configure:3564: checking for gcc option to accept ISO C89
configure:3628: gcc  -c -g -O2  conftest.c >&5
configure:3628: $? = 0
configure:3641: result: none needed
configure:3663: checking dependency style of gcc
configure:3773: result: gcc3
configure:3788: checking for a sed that does not truncate output
configure:3852: result: /bin/sed
configure:3870: checking for grep that handles long lines and -e
configure:3928: result: /bin/grep
configure:3933: checking for egrep
configure:3995: result: /bin/grep -E
configure:4000: checking for fgrep
configure:4062: result: /bin/grep -F
configure:4097: checking for ld used by gcc
configure:4164: result: /usr/bin/ld
configure:4171: checking if the linker (/usr/bin/ld) is GNU ld
configure:4186: result: yes
configure:4198: checking for BSD- or MS-compatible name lister (nm)
configure:4247: result: /usr/bin/nm -B
configure:4365: checking the name lister (/usr/bin/nm -B) interface
configure:4372: gcc -c -g -O2  conftest.c >&5
configure:4375: /usr/bin/nm -B "conftest.o"
configure:4378: output
00000000 B some_variable
configure:4385: result: BSD nm
configure:4388: checking whether ln -s works
configure:4392: result: yes
configure:4400: checking the maximum length of command line arguments
configure:4520: result: 1572864
configure:4537: checking whether the shell understands some XSI constructs
configure:4547: result: yes
configure:4551: checking whether the shell understands "+="
configure:4557: result: yes
configure:4592: checking for /usr/bin/ld option to reload object files
configure:4599: result: -r
configure:4668: checking for objdump
configure:4684: found /usr/bin/objdump
configure:4695: result: objdump
configure:4727: checking how to recognize dependent libraries
configure:4923: result: pass_all
configure:4983: checking for ar
configure:4999: found /usr/bin/ar
configure:5010: result: ar
configure:5088: checking for strip
configure:5104: found /usr/bin/strip
configure:5115: result: strip
configure:5187: checking for ranlib
configure:5203: found /usr/bin/ranlib
configure:5214: result: ranlib
configure:5304: checking command to parse /usr/bin/nm -B output from gcc object
configure:5422: gcc -c -g -O2  conftest.c >&5
configure:5425: $? = 0
configure:5429: /usr/bin/nm -B conftest.o \| sed -n -e 's/^.*[	 ]\([ABCDGIRSTW][ABCDGIRSTW]*\)[	 ][	 ]*\([_A-Za-z][_A-Za-z0-9]*\)$/\1 \2 \2/p' \> conftest.nm
configure:5432: $? = 0
configure:5486: gcc -o conftest -g -O2   conftest.c conftstm.o >&5
configure:5489: $? = 0
configure:5527: result: ok
configure:6336: checking how to run the C preprocessor
configure:6367: gcc -E  conftest.c
configure:6367: $? = 0
configure:6381: gcc -E  conftest.c
conftest.c:11:28: error: ac_nonexistent.h: No such file or directory
configure:6381: $? = 1
configure: failed program was:
| /* confdefs.h */
| #define PACKAGE_NAME "rtspd"
| #define PACKAGE_TARNAME "rtspd"
| #define PACKAGE_VERSION "1.0"
| #define PACKAGE_STRING "rtspd 1.0"
| #define PACKAGE_BUGREPORT ""
| #define PACKAGE_URL ""
| #define PACKAGE "rtspd"
| #define VERSION "1.0"
| /* end confdefs.h.  */
| #include <ac_nonexistent.h>
configure:6406: result: gcc -E
configure:6426: gcc -E  conftest.c
configure:6426: $? = 0
configure:6440: gcc -E  conftest.c
conftest.c:11:28: error: ac_nonexistent.h: No such file or directory
configure:6440: $? = 1
configure: failed program was:
| /* confdefs.h */
| #define PACKAGE_NAME "rtspd"
| #define PACKAGE_TARNAME "rtspd"
| #define PACKAGE_VERSION "1.0"
| #define PACKAGE_STRING "rtspd 1.0"
| #define PACKAGE_BUGREPORT ""
| #define PACKAGE_URL ""
| #define PACKAGE "rtspd"
| #define VERSION "1.0"
| /* end confdefs.h.  */
| #include <ac_nonexistent.h>
configure:6469: checking for ANSI C header files
configure:6489: gcc -c -g -O2  conftest.c >&5
configure:6489: $? = 0
configure:6562: gcc -o conftest -g -O2   conftest.c  >&5
configure:6562: $? = 0
configure:6562: ./conftest
configure:6562: $? = 0
configure:6573: result: yes
configure:6586: checking for sys/types.h
configure:6586: gcc -c -g -O2  conftest.c >&5
configure:6586: $? = 0
configure:6586: result: yes
configure:6586: checking for sys/stat.h
configure:6586: gcc -c -g -O2  conftest.c >&5
configure:6586: $? = 0
configure:6586: result: yes
configure:6586: checking for stdlib.h
configure:6586: gcc -c -g -O2  conftest.c >&5
configure:6586: $? = 0
configure:6586: result: yes
configure:6586: checking for string.h
configure:6586: gcc -c -g -O2  conftest.c >&5
configure:6586: $? = 0
configure:6586: result: yes
configure:6586: checking for memory.h
configure:6586: gcc -c -g -O2  conftest.c >&5
configure:6586: $? = 0
configure:6586: result: yes
configure:6586: checking for strings.h
configure:6586: gcc -c -g -O2  conftest.c >&5
configure:6586: $? = 0
configure:6586: result: yes
configure:6586: checking for inttypes.h
configure:6586: gcc -c -g -O2  conftest.c >&5
configure:6586: $? = 0
configure:6586: result: yes
configure:6586: checking for stdint.h
configure:6586: gcc -c -g -O2  conftest.c >&5
configure:6586: $? = 0
configure:6586: result: yes
configure:6586: checking for unistd.h
configure:6586: gcc -c -g -O2  conftest.c >&5
configure:6586: $? = 0
configure:6586: result: yes
configure:6601: checking for dlfcn.h
configure:6601: gcc -c -g -O2  conftest.c >&5
configure:6601: $? = 0
configure:6601: result: yes
configure:6785: checking for objdir
configure:6800: result: .libs
configure:7092: checking if gcc supports -fno-rtti -fno-exceptions
configure:7110: gcc -c -g -O2  -fno-rtti -fno-exceptions conftest.c >&5
cc1: warning: command line option "-fno-rtti" is valid for C++/ObjC++ but not for C
configure:7114: $? = 0
configure:7127: result: no
configure:7147: checking for gcc option to produce PIC
configure:7419: result: -fPIC -DPIC
configure:7431: checking if gcc PIC flag -fPIC -DPIC works
configure:7449: gcc -c -g -O2  -fPIC -DPIC -DPIC conftest.c >&5
configure:7453: $? = 0
configure:7466: result: yes
configure:7490: checking if gcc static flag -static works
configure:7518: result: yes
configure:7533: checking if gcc supports -c -o file.o
configure:7554: gcc -c -g -O2  -o out/conftest2.o conftest.c >&5
configure:7558: $? = 0
configure:7580: result: yes
configure:7588: checking if gcc supports -c -o file.o
configure:7635: result: yes
configure:7668: checking whether the gcc linker (/usr/bin/ld) supports shared libraries
configure:8659: result: yes
configure:8696: checking whether -lc should be explicitly linked in
configure:8701: gcc -c -g -O2  conftest.c >&5
configure:8704: $? = 0
configure:8719: gcc -shared conftest.o  -v -Wl,-soname -Wl,conftest -o conftest 2\>\&1 \| /bin/grep  -lc  \>/dev/null 2\>\&1
configure:8722: $? = 0
configure:8734: result: no
configure:8898: checking dynamic linker characteristics
configure:9331: gcc -o conftest -g -O2   -Wl,-rpath -Wl,/foo conftest.c  >&5
configure:9331: $? = 0
configure:9561: result: GNU/Linux ld.so
configure:9663: checking how to hardcode library paths into programs
configure:9688: result: immediate
configure:10208: checking whether stripping libraries is possible
configure:10213: result: yes
configure:10248: checking if libtool supports shared libraries
configure:10250: result: yes
configure:10253: checking whether to build shared libraries
configure:10274: result: yes
configure:10277: checking whether to build static libraries
configure:10281: result: yes
configure:10366: checking for gcc
configure:10393: result: gcc
configure:10622: checking for C compiler version
configure:10631: gcc --version >&5
gcc (Ubuntu 4.4.3-4ubuntu5.1) 4.4.3
Copyright (C) 2009 Free Software Foundation, Inc.
This is free software; see the source for copying conditions.  There is NO
warranty; not even for MERCHANTABILITY or FITNESS FOR A PARTICULAR PURPOSE.

configure:10642: $? = 0
configure:10631: gcc -v >&5
Using built-in specs.
Target: i486-linux-gnu
Configured with: ../src/configure -v --with-pkgversion='Ubuntu 4.4.3-4ubuntu5.1' --with-bugurl=file:///usr/share/doc/gcc-4.4/README.Bugs --enable-languages=c,c++,fortran,objc,obj-c++ --prefix=/usr --enable-shared --enable-multiarch --enable-linker-build-id --with-system-zlib --libexecdir=/usr/lib --without-included-gettext --enable-threads=posix --with-gxx-include-dir=/usr/include/c++/4.4 --program-suffix=-4.4 --enable-nls --enable-clocale=gnu --enable-libstdcxx-debug --enable-plugin --enable-objc-gc --enable-targets=all --disable-werror --with-arch-32=i486 --with-tune=generic --enable-checking=release --build=i486-linux-gnu --host=i486-linux-gnu --target=i486-linux-gnu
Thread model: posix
gcc version 4.4.3 (Ubuntu 4.4.3-4ubuntu5.1) 
configure:10642: $? = 0
configure:10631: gcc -V >&5
gcc: '-V' option must have argument
configure:10642: $? = 1
configure:10631: gcc -qversion >&5
gcc: unrecognized option '-qversion'
gcc: no input files
configure:10642: $? = 1
configure:10646: checking whether we are using the GNU C compiler
configure:10674: result: yes
configure:10683: checking whether gcc accepts -g
configure:10744: result: yes
configure:10761: checking for gcc option to accept ISO C89
configure:10838: result: none needed
configure:10860: checking dependency style of gcc
configure:10970: result: gcc3
configure:10993: checking for pthread_create in -lpthread
configure:11018: gcc -o conftest -g -O2   conftest.c -lpthread   >&5
configure:11018: $? = 0
configure:11027: result: yes
configure:11163: creating ./config.status

## ---------------------- ##
## Running config.status. ##
## ---------------------- ##

This file was extended by rtspd config.status 1.0, which was
generated by GNU Autoconf 2.65.  Invocation command line was

  CONFIG_FILES    = 
  CONFIG_HEADERS  = 
  CONFIG_LINKS    = 
  CONFIG_COMMANDS = 
  $ ./config.status 

on peijinkai-desktop

config.status:1063: creating Makefile
config.status:1063: creating config.h
config.status:1235: config.h is unchanged
config.status:1283: executing depfiles commands
config.status:1283: executing libtool commands

## ---------------- ##
## Cache variables. ##
## ---------------- ##

ac_cv_build=i686-pc-linux-gnu
ac_cv_c_compiler_gnu=yes
ac_cv_env_CC_set=
ac_cv_env_CC_value=
ac_cv_env_CFLAGS_set=
ac_cv_env_CFLAGS_value=
ac_cv_env_CPPFLAGS_set=
ac_cv_env_CPPFLAGS_value=
ac_cv_env_CPP_set=
ac_cv_env_CPP_value=
ac_cv_env_LDFLAGS_set=
ac_cv_env_LDFLAGS_value=
ac_cv_env_LIBS_set=
ac_cv_env_LIBS_value=
ac_cv_env_build_alias_set=
ac_cv_env_build_alias_value=
ac_cv_env_host_alias_set=
ac_cv_env_host_alias_value=
ac_cv_env_target_alias_set=
ac_cv_env_target_alias_value=
ac_cv_header_dlfcn_h=yes
ac_cv_header_inttypes_h=yes
ac_cv_header_memory_h=yes
ac_cv_header_stdc=yes
ac_cv_header_stdint_h=yes
ac_cv_header_stdlib_h=yes
ac_cv_header_string_h=yes
ac_cv_header_strings_h=yes
ac_cv_header_sys_stat_h=yes
ac_cv_header_sys_types_h=yes
ac_cv_header_unistd_h=yes
ac_cv_host=i686-pc-linux-gnu
ac_cv_lib_pthread_pthread_create=yes
ac_cv_objext=o
ac_cv_path_EGREP='/bin/grep -E'
ac_cv_path_FGREP='/bin/grep -F'
ac_cv_path_GREP=/bin/grep
ac_cv_path_SED=/bin/sed
ac_cv_path_install='/usr/bin/install -c'
ac_cv_path_mkdir=/bin/mkdir
ac_cv_prog_AWK=gawk
ac_cv_prog_CPP='gcc -E'
ac_cv_prog_ac_ct_AR=ar
ac_cv_prog_ac_ct_CC=gcc
ac_cv_prog_ac_ct_OBJDUMP=objdump
ac_cv_prog_ac_ct_RANLIB=ranlib
ac_cv_prog_ac_ct_STRIP=strip
ac_cv_prog_cc_c89=
ac_cv_prog_cc_g=yes
ac_cv_prog_make_make_set=yes
am_cv_CC_dependencies_compiler_type=gcc3
lt_cv_deplibs_check_method=pass_all
lt_cv_file_magic_cmd='$MAGIC_CMD'
lt_cv_file_magic_test_file=
lt_cv_ld_reload_flag=-r
lt_cv_nm_interface='BSD nm'
lt_cv_objdir=.libs
lt_cv_path_LD=/usr/bin/ld
lt_cv_path_NM='/usr/bin/nm -B'
lt_cv_prog_compiler_c_o=yes
lt_cv_prog_compiler_pic_works=yes
lt_cv_prog_compiler_rtti_exceptions=no
lt_cv_prog_compiler_static_works=yes
lt_cv_prog_gnu_ld=yes
lt_cv_sys_global_symbol_pipe='sed -n -e '\''s/^.*[	 ]\([ABCDGIRSTW][ABCDGIRSTW]*\)[	 ][	 ]*\([_A-Za-z][_A-Za-z0-9]*\)$/\1 \2 \2/p'\'''
lt_cv_sys_global_symbol_to_c_name_address='sed -n -e '\''s/^: \([^ ]*\) $/  {\"\1\", (void *) 0},/p'\'' -e '\''s/^[ABCDGIRSTW]* \([^ ]*\) \([^ ]*\)$/  {"\2", (void *) \&\2},/p'\'''
lt_cv_sys_global_symbol_to_c_name_address_lib_prefix='sed -n -e '\''s/^: \([^ ]*\) $/  {\"\1\", (void *) 0},/p'\'' -e '\''s/^[ABCDGIRSTW]* \([^ ]*\) \(lib[^ ]*\)$/  {"\2", (void *) \&\2},/p'\'' -e '\''s/^[ABCDGIRSTW]* \([^ ]*\) \([^ ]*\)$/  {"lib\2", (void *) \&\2},/p'\'''
lt_cv_sys_global_symbol_to_cdecl='sed -n -e '\''s/^T .* \(.*\)$/extern int \1();/p'\'' -e '\''s/^[ABCDGIRSTW]* .* \(.*\)$/extern char \1;/p'\'''
lt_cv_sys_max_cmd_len=1572864

## ----------------- ##
## Output variables. ##
## ----------------- ##

ACLOCAL='${SHELL} /home/sun/IPC2.0/trunk/IPNC_SOURCE/docs/stream/rtspser111/missing --run aclocal-1.11'
AMDEPBACKSLASH='\'
AMDEP_FALSE='#'
AMDEP_TRUE=''
AMTAR='${SHELL} /home/sun/IPC2.0/trunk/IPNC_SOURCE/docs/stream/rtspser111/missing --run tar'
AR='ar'
AUTOCONF='${SHELL} /home/sun/IPC2.0/trunk/IPNC_SOURCE/docs/stream/rtspser111/missing --run autoconf'
AUTOHEADER='${SHELL} /home/sun/IPC2.0/trunk/IPNC_SOURCE/docs/stream/rtspser111/missing --run autoheader'
AUTOMAKE='${SHELL} /home/sun/IPC2.0/trunk/IPNC_SOURCE/docs/stream/rtspser111/missing --run automake-1.11'
AWK='gawk'
CC='gcc'
CCDEPMODE='depmode=gcc3'
CFLAGS='-g -O2'
CPP='gcc -E'
CPPFLAGS=''
CYGPATH_W='echo'
DEFS='-DHAVE_CONFIG_H'
DEPDIR='.deps'
DSYMUTIL=''
DUMPBIN=''
ECHO_C=''
ECHO_N='-n'
ECHO_T=''
EGREP='/bin/grep -E'
EXEEXT=''
FGREP='/bin/grep -F'
GREP='/bin/grep'
INSTALL_DATA='${INSTALL} -m 644'
INSTALL_PROGRAM='${INSTALL}'
INSTALL_SCRIPT='${INSTALL}'
INSTALL_STRIP_PROGRAM='$(install_sh) -c -s'
LD='/usr/bin/ld'
LDFLAGS=''
LIBOBJS=''
LIBS='-lpthread '
LIBTOOL='$(SHELL) $(top_builddir)/libtool'
LIPO=''
LN_S='ln -s'
LTLIBOBJS=''
MAKEINFO='${SHELL} /home/sun/IPC2.0/trunk/IPNC_SOURCE/docs/stream/rtspser111/missing --run makeinfo'
MKDIR_P='/bin/mkdir -p'
NM='/usr/bin/nm -B'
NMEDIT=''
OBJDUMP='objdump'
OBJEXT='o'
OTOOL64=''
OTOOL=''
PACKAGE='rtspd'
PACKAGE_BUGREPORT=''
PACKAGE_NAME='rtspd'
PACKAGE_STRING='rtspd 1.0'
PACKAGE_TARNAME='rtspd'
PACKAGE_URL=''
PACKAGE_VERSION='1.0'
PATH_SEPARATOR=':'
RANLIB='ranlib'
SED='/bin/sed'
SET_MAKE=''
SHELL='/bin/sh'
STRIP='strip'
VERSION='1.0'
ac_ct_CC='gcc'
ac_ct_DUMPBIN=''
am__EXEEXT_FALSE=''
am__EXEEXT_TRUE='#'
am__fastdepCC_FALSE='#'
am__fastdepCC_TRUE=''
am__include='include'
am__isrc=''
am__leading_dot='.'
am__quote=''
am__tar='${AMTAR} chof - "$$tardir"'
am__untar='${AMTAR} xf -'
bindir='${exec_prefix}/bin'
build='i686-pc-linux-gnu'
build_alias=''
build_cpu='i686'
build_os='linux-gnu'
build_vendor='pc'
datadir='${datarootdir}'
datarootdir='${prefix}/share'
docdir='${datarootdir}/doc/${PACKAGE_TARNAME}'
dvidir='${docdir}'
exec_prefix='${prefix}'
host='i686-pc-linux-gnu'
host_alias=''
host_cpu='i686'
host_os='linux-gnu'
host_vendor='pc'
htmldir='${docdir}'
includedir='${prefix}/include'
infodir='${datarootdir}/info'
install_sh='${SHELL} /home/sun/IPC2.0/trunk/IPNC_SOURCE/docs/stream/rtspser111/install-sh'
libdir='${exec_prefix}/lib'
libexecdir='${exec_prefix}/libexec'
localedir='${datarootdir}/locale'
localstatedir='${prefix}/var'
lt_ECHO='echo'
mandir='${datarootdir}/man'
mkdir_p='/bin/mkdir -p'
oldincludedir='/usr/include'
pdfdir='${docdir}'
prefix='/usr/local'
program_transform_name='s,x,x,'
psdir='${docdir}'
sbindir='${exec_prefix}/sbin'
sharedstatedir='${prefix}/com'
sysconfdir='${prefix}/etc'
target_alias=''

## ----------- ##
## confdefs.h. ##
## ----------- ##

/* confdefs.h */
#define PACKAGE_NAME "rtspd"
#define PACKAGE_TARNAME "rtspd"
#define PACKAGE_VERSION "1.0"
#define PACKAGE_STRING "rtspd 1.0"
#define PACKAGE_BUGREPORT ""
#define PACKAGE_URL ""
#define PACKAGE "rtspd"
#define VERSION "1.0"
#define STDC_HEADERS 1
#define HAVE_SYS_TYPES_H 1
#define HAVE_SYS_STAT_H 1
#define HAVE_STDLIB_H 1
#define HAVE_STRING_H 1
#define HAVE_MEMORY_H 1
#define HAVE_STRINGS_H 1
#define HAVE_INTTYPES_H 1
#define HAVE_STDINT_H 1
#define HAVE_UNISTD_H 1
#define HAVE_DLFCN_H 1
#define LT_OBJDIR ".libs/"
#define HAVE_LIBPTHREAD 1

configure: exit 0
